# JRE version: OpenJDK Runtime Environment (24.0+36) (build 24+36-3646)
# Java VM: OpenJDK 64-Bit Server VM (24+36-3646, mixed mode, emulated-client, sharing, tiered, compressed oops, compressed class ptrs, g1 gc, windows-amd64)
GC Precious Log:
 CardTable entry size: 512
 Card Set container configuration: InlinePtr #cards 4 size 8 Array Of Cards #cards 32 size 80 Howl #buckets 8 coarsen threshold 7372 Howl Bitmap #cards 1024 size 144 coarsen threshold 921 Card regions per heap region 1 cards per card region 8192
 CPUs: 12 total, 12 available
 Memory: 24283M
 Large Page Support: Disabled
 NUMA Support: Disabled
 Compressed Oops: Enabled (Zero based)
 Heap Region Size: 4M
 Heap Min Capacity: 8M
 Heap Initial Capacity: 380M
 Heap Max Capacity: 6072M
 Pre-touch: Disabled
 Parallel Workers: 10
 Concurrent Workers: 3
 Concurrent Refinement Workers: 10
 Periodic GC: Disabled
Heap:
 garbage-first heap   total reserved 6217728K, committed 81920K, used 34647K [0x0000000684800000, 0x0000000800000000)
  region size 4096K, 4 young (16384K), 2 survivors (8192K)
 Metaspace       used 66402K, committed 67008K, reserved 1114112K
  class space    used 7549K, committed 7808K, reserved 1048576K
GC Heap History (18 events):
Event: 0.759 GC heap before
{Heap before GC invocations=0 (full 0):
 garbage-first heap   total reserved 6217728K, committed 393216K, used 50288K [0x0000000684800000, 0x0000000800000000)
  region size 4096K, 12 young (49152K), 0 survivors (0K)
 Metaspace       used 10463K, committed 10688K, reserved 1114112K
  class space    used 1165K, committed 1280K, reserved 1048576K
}
Event: 0.763 GC heap after
{Heap after GC invocations=1 (full 0):
 garbage-first heap   total reserved 6217728K, committed 393216K, used 10383K [0x0000000684800000, 0x0000000800000000)
  region size 4096K, 2 young (8192K), 2 survivors (8192K)
 Metaspace       used 10463K, committed 10688K, reserved 1114112K
  class space    used 1165K, committed 1280K, reserved 1048576K
}
Event: 1.122 GC heap before
{Heap before GC invocations=1 (full 0):
 garbage-first heap   total reserved 6217728K, committed 393216K, used 51343K [0x0000000684800000, 0x0000000800000000)
  region size 4096K, 13 young (53248K), 2 survivors (8192K)
 Metaspace       used 21227K, committed 21504K, reserved 1114112K
  class space    used 2289K, committed 2368K, reserved 1048576K
}
Event: 1.127 GC heap after
{Heap after GC invocations=2 (full 0):
 garbage-first heap   total reserved 6217728K, committed 393216K, used 14267K [0x0000000684800000, 0x0000000800000000)
  region size 4096K, 3 young (12288K), 3 survivors (12288K)
 Metaspace       used 21227K, committed 21504K, reserved 1114112K
  class space    used 2289K, committed 2368K, reserved 1048576K
}
Event: 1.584 GC heap before
{Heap before GC invocations=3 (full 0):
 garbage-first heap   total reserved 6217728K, committed 69632K, used 63419K [0x0000000684800000, 0x0000000800000000)
  region size 4096K, 15 young (61440K), 3 survivors (12288K)
 Metaspace       used 26877K, committed 27200K, reserved 1114112K
  class space    used 3015K, committed 3136K, reserved 1048576K
}
Event: 1.591 GC heap after
{Heap after GC invocations=4 (full 0):
 garbage-first heap   total reserved 6217728K, committed 86016K, used 18575K [0x0000000684800000, 0x0000000800000000)
  region size 4096K, 4 young (16384K), 4 survivors (16384K)
 Metaspace       used 26877K, committed 27200K, reserved 1114112K
  class space    used 3015K, committed 3136K, reserved 1048576K
}
Event: 1.893 GC heap before
{Heap before GC invocations=4 (full 0):
 garbage-first heap   total reserved 6217728K, committed 86016K, used 51343K [0x0000000684800000, 0x0000000800000000)
  region size 4096K, 12 young (49152K), 4 survivors (16384K)
 Metaspace       used 31025K, committed 31424K, reserved 1114112K
  class space    used 3521K, committed 3712K, reserved 1048576K
}
Event: 1.901 GC heap after
{Heap after GC invocations=5 (full 0):
 garbage-first heap   total reserved 6217728K, committed 86016K, used 20019K [0x0000000684800000, 0x0000000800000000)
  region size 4096K, 2 young (8192K), 2 survivors (8192K)
 Metaspace       used 31025K, committed 31424K, reserved 1114112K
  class space    used 3521K, committed 3712K, reserved 1048576K
}
Event: 2.127 GC heap before
{Heap before GC invocations=5 (full 0):
 garbage-first heap   total reserved 6217728K, committed 86016K, used 36403K [0x0000000684800000, 0x0000000800000000)
  region size 4096K, 7 young (28672K), 2 survivors (8192K)
 Metaspace       used 35696K, committed 36096K, reserved 1114112K
  class space    used 4009K, committed 4224K, reserved 1048576K
}
Event: 2.132 GC heap after
{Heap after GC invocations=6 (full 0):
 garbage-first heap   total reserved 6217728K, committed 86016K, used 20610K [0x0000000684800000, 0x0000000800000000)
  region size 4096K, 1 young (4096K), 1 survivors (4096K)
 Metaspace       used 35696K, committed 36096K, reserved 1114112K
  class space    used 4009K, committed 4224K, reserved 1048576K
}
Event: 2.733 GC heap before
{Heap before GC invocations=7 (full 0):
 garbage-first heap   total reserved 6217728K, committed 81920K, used 61570K [0x0000000684800000, 0x0000000800000000)
  region size 4096K, 11 young (45056K), 1 survivors (4096K)
 Metaspace       used 46646K, committed 47104K, reserved 1114112K
  class space    used 5110K, committed 5312K, reserved 1048576K
}
Event: 2.736 GC heap after
{Heap after GC invocations=8 (full 0):
 garbage-first heap   total reserved 6217728K, committed 81920K, used 23393K [0x0000000684800000, 0x0000000800000000)
  region size 4096K, 2 young (8192K), 2 survivors (8192K)
 Metaspace       used 46646K, committed 47104K, reserved 1114112K
  class space    used 5110K, committed 5312K, reserved 1048576K
}
Event: 3.269 GC heap before
{Heap before GC invocations=8 (full 0):
 garbage-first heap   total reserved 6217728K, committed 81920K, used 60257K [0x0000000684800000, 0x0000000800000000)
  region size 4096K, 11 young (45056K), 2 survivors (8192K)
 Metaspace       used 56654K, committed 57152K, reserved 1114112K
  class space    used 6265K, committed 6464K, reserved 1048576K
}
Event: 3.273 GC heap after
{Heap after GC invocations=9 (full 0):
 garbage-first heap   total reserved 6217728K, committed 81920K, used 25407K [0x0000000684800000, 0x0000000800000000)
  region size 4096K, 2 young (8192K), 2 survivors (8192K)
 Metaspace       used 56654K, committed 57152K, reserved 1114112K
  class space    used 6265K, committed 6464K, reserved 1048576K
}
Event: 3.576 GC heap before
{Heap before GC invocations=9 (full 0):
 garbage-first heap   total reserved 6217728K, committed 81920K, used 49983K [0x0000000684800000, 0x0000000800000000)
  region size 4096K, 9 young (36864K), 2 survivors (8192K)
 Metaspace       used 59957K, committed 60416K, reserved 1114112K
  class space    used 6708K, committed 6912K, reserved 1048576K
}
Event: 3.582 GC heap after
{Heap after GC invocations=10 (full 0):
 garbage-first heap   total reserved 6217728K, committed 81920K, used 28209K [0x0000000684800000, 0x0000000800000000)
  region size 4096K, 2 young (8192K), 2 survivors (8192K)
 Metaspace       used 59957K, committed 60416K, reserved 1114112K
  class space    used 6708K, committed 6912K, reserved 1048576K
}
Event: 243.665 GC heap before
{Heap before GC invocations=11 (full 0):
 garbage-first heap   total reserved 6217728K, committed 81920K, used 65073K [0x0000000684800000, 0x0000000800000000)
  region size 4096K, 11 young (45056K), 2 survivors (8192K)
 Metaspace       used 66051K, committed 66560K, reserved 1114112K
  class space    used 7491K, committed 7680K, reserved 1048576K
}
Event: 243.669 GC heap after
{Heap after GC invocations=12 (full 0):
 garbage-first heap   total reserved 6217728K, committed 81920K, used 30551K [0x0000000684800000, 0x0000000800000000)
  region size 4096K, 2 young (8192K), 2 survivors (8192K)
 Metaspace       used 66051K, committed 66560K, reserved 1114112K
  class space    used 7491K, committed 7680K, reserved 1048576K
}

